{
  "stats": {
    "suites": 1,
    "tests": 1,
    "passes": 1,
    "pending": 0,
    "failures": 0,
    "start": "2021-11-13T00:37:06.962Z",
    "end": "2021-11-13T00:37:14.529Z",
    "duration": 7567,
    "testsRegistered": 1,
    "passPercent": 100,
    "pendingPercent": 0,
    "other": 0,
    "hasOther": false,
    "skipped": 0,
    "hasSkipped": false
  },
  "results": [
    {
      "uuid": "5548d5b7-55b9-4fe5-a300-47fe66131caf",
      "title": "",
      "fullFile": "cypress/integration/cadastro.spec.js",
      "file": "cypress/integration/cadastro.spec.js",
      "beforeHooks": [],
      "afterHooks": [],
      "tests": [],
      "suites": [
        {
          "uuid": "0c708798-49c3-4f76-9fff-07daa7744b07",
          "title": "Cadastro",
          "fullFile": "",
          "file": "",
          "beforeHooks": [],
          "afterHooks": [],
          "tests": [
            {
              "title": "Quando eu informar os dados e finalizar, então o cadastro deve ser efetuado",
              "fullTitle": "Cadastro Quando eu informar os dados e finalizar, então o cadastro deve ser efetuado",
              "timedOut": null,
              "duration": 5016,
              "state": "passed",
              "speed": "slow",
              "pass": true,
              "fail": false,
              "pending": false,
              "context": null,
              "code": "cy.visit(\"https://form-agilizei.netlify.app\"); // Inputs de texto / textarea / email ->type\ncy.get('input[name=firstName]').type(chance.first());\ncy.get('input[name=lastName]').type(chance.last());\ncy.get('textarea[name=adress]').type(chance.address());\ncy.get('input[name=emailAdress]').type(chance.email()); // Inputs radio / checkboxes -> check\ncy.get('input[value=n]').check();\ncy.get('input[type=checkbox]').check('Netflix');\ncy.get('input[type=checkbox]').check('Dormir'); // Inputs do tipo combobox / selects -> select\ncy.get('select#countries').select('Dinamarca', {\n  force: true\n});\ncy.get('select#years').select('2006', {\n  force: true\n});\ncy.get('select#months').select('Junho', {\n  force: true\n});\ncy.get('select#days').select('21', {\n  force: true\n}); // Inputs de senha -> type\ncy.get('input#firstpassword').type('Alunos@2021');\ncy.get('input#secondpassword').type('Alunos@2021'); // Inputs do tipo button\ncy.contains('Finalizar cadastro').click(); //\ncy.url().should('contain', 'listagem');",
              "err": {},
              "uuid": "137e3bec-0826-499f-95da-dd03881d95a4",
              "parentUUID": "0c708798-49c3-4f76-9fff-07daa7744b07",
              "isHook": false,
              "skipped": false
            }
          ],
          "suites": [],
          "passes": [
            "137e3bec-0826-499f-95da-dd03881d95a4"
          ],
          "failures": [],
          "pending": [],
          "skipped": [],
          "duration": 5016,
          "root": false,
          "rootEmpty": false,
          "_timeout": 2000
        }
      ],
      "passes": [],
      "failures": [],
      "pending": [],
      "skipped": [],
      "duration": 0,
      "root": true,
      "rootEmpty": true,
      "_timeout": 2000
    }
  ],
  "meta": {
    "mocha": {
      "version": "7.0.1"
    },
    "mochawesome": {
      "options": {
        "quiet": true,
        "reportFilename": "mochawesome",
        "saveHtml": false,
        "saveJson": true,
        "consoleReporter": "spec",
        "useInlineDiffs": false,
        "code": true
      },
      "version": "7.0.1"
    },
    "marge": {
      "options": {
        "id": "default",
        "reportDir": "mochawesome-report",
        "quiet": true,
        "overwrite": false,
        "html": false,
        "json": true
      },
      "version": "6.0.1"
    }
  }
}